Line 127: Class TabDlg.SSTab of control SSTab1 was not a loaded control class.
Line 133: The property name _ExtentX in SSTab1 is invalid.
Line 134: The property name _ExtentY in SSTab1 is invalid.
Line 135: The property name _Version in SSTab1 is invalid.
Line 136: The property name Tabs in SSTab1 is invalid.
Line 137: The property name TabsPerRow in SSTab1 is invalid.
Line 138: The property name TabHeight in SSTab1 is invalid.
Line 139: The property name TabCaption(0) in SSTab1 is invalid.
Line 140: The property name TabPicture(0) in SSTab1 is invalid.
Line 141: The property name Tab(0).ControlEnabled in SSTab1 is invalid.
Line 142: The property name Tab(0).Control(0) in SSTab1 is invalid.
Line 143: The property name Tab(0).Control(0).Enabled in SSTab1 is invalid.
Line 144: The property name Tab(0).ControlCount in SSTab1 is invalid.
Line 145: The property name TabCaption(1) in SSTab1 is invalid.
Line 146: The property name TabPicture(1) in SSTab1 is invalid.
Line 147: The property name Tab(1).ControlEnabled in SSTab1 is invalid.
Line 148: The property name Tab(1).Control(0) in SSTab1 is invalid.
Line 149: The property name Tab(1).ControlCount in SSTab1 is invalid.
Line 150: The property name TabCaption(2) in SSTab1 is invalid.
Line 151: The property name TabPicture(2) in SSTab1 is invalid.
Line 152: The property name Tab(2).ControlEnabled in SSTab1 is invalid.
Line 153: The property name Tab(2).Control(0) in SSTab1 is invalid.
Line 154: The property name Tab(2).ControlCount in SSTab1 is invalid.
Line 155: The property name TabCaption(3) in SSTab1 is invalid.
Line 156: The property name TabPicture(3) in SSTab1 is invalid.
Line 157: The property name Tab(3).ControlEnabled in SSTab1 is invalid.
Line 158: The property name Tab(3).Control(0) in SSTab1 is invalid.
Line 159: The property name Tab(3).ControlCount in SSTab1 is invalid.
Line 160: The property name TabCaption(4) in SSTab1 is invalid.
Line 161: The property name TabPicture(4) in SSTab1 is invalid.
Line 162: The property name Tab(4).ControlEnabled in SSTab1 is invalid.
Line 163: The property name Tab(4).Control(0) in SSTab1 is invalid.
Line 164: The property name Tab(4).ControlCount in SSTab1 is invalid.
Line 165: The property name TabCaption(5) in SSTab1 is invalid.
Line 166: The property name TabPicture(5) in SSTab1 is invalid.
Line 167: The property name Tab(5).ControlEnabled in SSTab1 is invalid.
Line 168: The property name Tab(5).Control(0) in SSTab1 is invalid.
Line 169: The property name Tab(5).ControlCount in SSTab1 is invalid.
