05/24/08, 14:17:10, 4, 0, F:\Project\Hotel Management\VB\Reports\rpt_CheckOut.rpt:This field name is not known.
05/24/08, 14:32:18, 4, 0, F:\Project\Hotel Management\VB\Reports\rpt_Due_Reservation.rpt:This field name is not known.
05/24/08, 14:33:41, 4, 0, F:\Project\Hotel Management\VB\Reports\rpt_Due_Reservation.rpt:This field name is not known.
05/29/08, 13:21:46, 4, 0, :File not found.
05/29/08, 13:21:47, 4, 0, :File not found.
06/05/08, 21:09:56, 4, 0, :File not found.
06/05/08, 21:09:56, 4, 0, :File not found.
07/08/08, 20:48:20, 4, 0, F:\Project\Hotel Management\VB\Reports\rpt_Room_History.rpt:A number, currency amount, boolean, date, time, date-time, or string is expected here.
07/08/08, 20:48:55, 4, 0, F:\Project\Hotel Management\VB\Reports\rpt_Room_History.rpt:This field name is not known.
07/08/08, 20:53:56, 4, 0, F:\Project\Hotel Management\VB\Reports\rpt_Room_History.rpt:A number, currency amount, boolean, date, time, date-time, or string is expected here.
07/08/08, 20:54:44, 4, 0, F:\Project\Hotel Management\VB\Reports\rpt_Room_History.rpt:This field name is not known.
07/08/08, 20:56:51, 4, 0, F:\Project\Hotel Management\VB\Reports\rpt_Room_History.rpt:A date-time is required here.
10/09/08, 15:46:37, 4, 0, :File not found.
10/09/08, 15:46:37, 4, 0, :File not found.
10/09/08, 15:46:41, 4, 0, F:\Project\Hotel Management\VB\Reports\rpt_Folio.rpt:Error detected by database DLL.
10/11/08, 16:19:24, 4, 0, :File not found.
10/11/08, 16:19:24, 4, 0, :File not found.
10/11/08, 16:19:32, 4, 0, :File not found.
10/11/08, 16:19:32, 4, 0, :File not found.
10/11/08, 16:24:37, 4, 0, :File not found.
10/11/08, 16:24:37, 4, 0, :File not found.
