Line 61: Class MSACAL.Calendar of control Cal was not a loaded control class.
Line 67: The property name _Version in Cal is invalid.
Line 68: The property name _ExtentX in Cal is invalid.
Line 69: The property name _ExtentY in Cal is invalid.
Line 70: The property name _StockProps in Cal is invalid.
Line 72: The property name Year in Cal is invalid.
Line 73: The property name Month in Cal is invalid.
Line 74: The property name Day in Cal is invalid.
Line 75: The property name DayLength in Cal is invalid.
Line 76: The property name MonthLength in Cal is invalid.
Line 77: The property name DayFontColor in Cal is invalid.
Line 78: The property name FirstDay in Cal is invalid.
Line 79: The property name GridCellEffect in Cal is invalid.
Line 80: The property name GridFontColor in Cal is invalid.
Line 81: The property name GridLinesColor in Cal is invalid.
Line 82: The property name ShowDateSelectors in Cal is invalid.
Line 83: The property name ShowDays in Cal is invalid.
Line 84: The property name ShowHorizontalGrid in Cal is invalid.
Line 85: The property name ShowTitle in Cal is invalid.
Line 86: The property name ShowVerticalGrid in Cal is invalid.
Line 87: The property name TitleFontColor in Cal is invalid.
Line 88: The property name ValueIsNull in Cal is invalid.
Line 97: The property name DayFont in Cal is invalid.
Line 106: The property name GridFont in Cal is invalid.
Line 115: The property name TitleFont in Cal is invalid.
Line 67: The property name _Version in Cal is invalid.
Line 68: The property name _ExtentX in Cal is invalid.
Line 69: The property name _ExtentY in Cal is invalid.
Line 70: The property name _StockProps in Cal is invalid.
Line 72: The property name Year in Cal is invalid.
Line 73: The property name Month in Cal is invalid.
Line 74: The property name Day in Cal is invalid.
Line 75: The property name DayLength in Cal is invalid.
Line 76: The property name MonthLength in Cal is invalid.
Line 77: The property name DayFontColor in Cal is invalid.
Line 78: The property name FirstDay in Cal is invalid.
Line 79: The property name GridCellEffect in Cal is invalid.
Line 80: The property name GridFontColor in Cal is invalid.
Line 81: The property name GridLinesColor in Cal is invalid.
Line 82: The property name ShowDateSelectors in Cal is invalid.
Line 83: The property name ShowDays in Cal is invalid.
Line 84: The property name ShowHorizontalGrid in Cal is invalid.
Line 85: The property name ShowTitle in Cal is invalid.
Line 86: The property name ShowVerticalGrid in Cal is invalid.
Line 87: The property name TitleFontColor in Cal is invalid.
Line 88: The property name ValueIsNull in Cal is invalid.
Line 97: The property name DayFont in Cal is invalid.
Line 106: The property name GridFont in Cal is invalid.
Line 115: The property name TitleFont in Cal is invalid.
Line 67: The property name _Version in Cal is invalid.
Line 68: The property name _ExtentX in Cal is invalid.
Line 69: The property name _ExtentY in Cal is invalid.
Line 70: The property name _StockProps in Cal is invalid.
Line 72: The property name Year in Cal is invalid.
Line 73: The property name Month in Cal is invalid.
Line 74: The property name Day in Cal is invalid.
Line 75: The property name DayLength in Cal is invalid.
Line 76: The property name MonthLength in Cal is invalid.
Line 77: The property name DayFontColor in Cal is invalid.
Line 78: The property name FirstDay in Cal is invalid.
Line 79: The property name GridCellEffect in Cal is invalid.
Line 80: The property name GridFontColor in Cal is invalid.
Line 81: The property name GridLinesColor in Cal is invalid.
Line 82: The property name ShowDateSelectors in Cal is invalid.
Line 83: The property name ShowDays in Cal is invalid.
Line 84: The property name ShowHorizontalGrid in Cal is invalid.
Line 85: The property name ShowTitle in Cal is invalid.
Line 86: The property name ShowVerticalGrid in Cal is invalid.
Line 87: The property name TitleFontColor in Cal is invalid.
Line 88: The property name ValueIsNull in Cal is invalid.
Line 97: The property name DayFont in Cal is invalid.
Line 106: The property name GridFont in Cal is invalid.
Line 115: The property name TitleFont in Cal is invalid.
